<?xml version="1.0" encoding="UTF-8"?>
<!-- Generated by org.testng.reporters.JUnitReportReporter -->
<testsuite hostname="DESKTOP-LUNMJ0A" failures="0" tests="1" name="Scenarios_1_5.CreateContact1" time="10.777" errors="0" timestamp="2023-03-20T16:34:13 IST" skipped="0">
  <testcase classname="Scenarios_1_5.CreateContact1" name="createContact1" time="10.777"/>
  <system-out/>
</testsuite> <!-- Scenarios_1_5.CreateContact1 -->
