<?xml version="1.0" encoding="UTF-8"?>
<!-- Generated by org.testng.reporters.JUnitReportReporter -->
<testsuite hostname="DESKTOP-LUNMJ0A" failures="0" tests="1" name="Scenarios_1_5.CreateOrgWith1DropDown3" time="11.180" errors="0" timestamp="2023-03-20T16:33:01 IST" skipped="0">
  <testcase classname="Scenarios_1_5.CreateOrgWith1DropDown3" name="createOrgwith1dd" time="11.180"/>
  <system-out/>
</testsuite> <!-- Scenarios_1_5.CreateOrgWith1DropDown3 -->
