<?xml version="1.0" encoding="UTF-8"?>
<!-- Generated by org.testng.reporters.JUnitReportReporter -->
<testsuite hostname="DESKTOP-LUNMJ0A" failures="0" tests="4" name="practice.TestNGPractice" time="0.007" errors="0" timestamp="2023-03-07T12:35:31 IST" skipped="1">
  <testcase classname="practice.TestNGPractice" name="Sample" time="0.005"/>
  <system-out/>
  <testcase classname="practice.TestNGPractice" name="SampleTestNGScript" time="0.001"/>
  <system-out/>
  <testcase classname="practice.TestNGPractice" name="SampleTestNGScript" time="0.001"/>
  <system-out/>
  <testcase classname="practice.TestNGPractice" name="SampleTestNGScript2">
    <skipped/>
  </testcase> <!-- SampleTestNGScript2 -->
  <system-out/>
</testsuite> <!-- practice.TestNGPractice -->
