<?xml version="1.0" encoding="UTF-8"?>
<!-- Generated by org.testng.reporters.JUnitReportReporter -->
<testsuite hostname="DESKTOP-LUNMJ0A" failures="0" tests="1" name="vtiger.OrganizationTest.CreateOrganizationTest" time="10.828" errors="0" timestamp="2023-03-20T16:35:16 IST" skipped="0">
  <testcase classname="vtiger.OrganizationTest.CreateOrganizationTest" name="CreateOrganization" time="10.828"/>
  <system-out/>
</testsuite> <!-- vtiger.OrganizationTest.CreateOrganizationTest -->
