<?xml version="1.0" encoding="UTF-8"?>
<!-- Generated by org.testng.reporters.JUnitReportReporter -->
<testsuite hostname="DESKTOP-LUNMJ0A" failures="0" tests="1" name="vtiger.ContactsTestss.CreateContact" time="10.165" errors="0" timestamp="2023-03-20T16:34:50 IST" skipped="0">
  <testcase classname="vtiger.ContactsTestss.CreateContact" name="createContacts" time="10.165"/>
  <system-out/>
</testsuite> <!-- vtiger.ContactsTestss.CreateContact -->
