<?xml version="1.0" encoding="UTF-8"?>
<!-- Generated by org.testng.reporters.JUnitReportReporter -->
<testsuite hostname="DESKTOP-LUNMJ0A" failures="0" tests="3" name="practice.DataProviderPractice" time="0.007" errors="0" timestamp="2023-03-09T12:59:30 IST" skipped="0">
  <testcase classname="practice.DataProviderPractice" name="dataProviderPractice" time="0.005"/>
  <system-out/>
  <testcase classname="practice.DataProviderPractice" name="dataProviderPractice" time="0.001"/>
  <system-out/>
  <testcase classname="practice.DataProviderPractice" name="dataProviderPractice" time="0.001"/>
  <system-out/>
</testsuite> <!-- practice.DataProviderPractice -->
