<?xml version="1.0" encoding="UTF-8"?>
<!-- Generated by org.testng.reporters.JUnitReportReporter -->
<testsuite hostname="DESKTOP-LUNMJ0A" failures="0" tests="1" name="vtiger.ContactsTestss.CreateContactsWithOrganizationTest" time="56.064" errors="0" timestamp="2023-03-17T13:17:05 IST" skipped="0">
  <testcase classname="vtiger.ContactsTestss.CreateContactsWithOrganizationTest" name="CreateContactsWithOrganization" time="56.064"/>
  <system-out>
    <![CDATA[Click on Org link is successful
Click on Org look up img successful
Create org is successful
Click on contacts link is successful
Create contact is successful]]>
  </system-out>
</testsuite> <!-- vtiger.ContactsTestss.CreateContactsWithOrganizationTest -->
