<?xml version="1.0" encoding="UTF-8"?>
<!-- Generated by org.testng.reporters.JUnitReportReporter -->
<testsuite hostname="DESKTOP-LUNMJ0A" failures="0" tests="1" name="Scenarios_1_5.CreateOrganization2" time="10.731" errors="0" timestamp="2023-03-20T16:33:44 IST" skipped="0">
  <testcase classname="Scenarios_1_5.CreateOrganization2" name="createOrg" time="10.731"/>
  <system-out/>
</testsuite> <!-- Scenarios_1_5.CreateOrganization2 -->
